<?xml version="1.0" encoding="UTF-8"?>
<!-- Generated by org.testng.reporters.JUnitReportReporter -->
<testsuite hostname="MattMitchell" name="exercises.Exercise8" tests="1" failures="0" timestamp="14 Feb 2018 17:12:19 GMT" time="5.296" errors="0">
  <testcase name="testExercise8" time="5.296" classname="exercises.Exercise8"/>
</testsuite> <!-- exercises.Exercise8 -->
