<?xml version="1.0" encoding="UTF-8"?>
<!-- Generated by org.testng.reporters.JUnitReportReporter -->
<testsuite hostname="MattMitchell" name="exercises.Exercise9_2" tests="1" failures="0" timestamp="14 Feb 2018 18:52:37 GMT" time="4.855" errors="0">
  <testcase name="testExercise9_2" time="4.855" classname="exercises.Exercise9_2"/>
</testsuite> <!-- exercises.Exercise9_2 -->
