<?xml version="1.0" encoding="UTF-8"?>
<!-- Generated by org.testng.reporters.JUnitReportReporter -->
<testsuite hostname="MattMitchell" name="exercises.Exercise6" tests="1" failures="0" timestamp="14 Feb 2018 15:59:11 GMT" time="5.695" errors="0">
  <testcase name="testExercise6" time="5.695" classname="exercises.Exercise6"/>
</testsuite> <!-- exercises.Exercise6 -->
