<?xml version="1.0" encoding="UTF-8"?>
<!-- Generated by org.testng.reporters.JUnitReportReporter -->
<testsuite hostname="EC2AMAZ-6I6MDIP" name="exercises.Exercise8" tests="1" failures="0" timestamp="13 Feb 2018 21:38:57 GMT" time="4.337" errors="0">
  <testcase name="testExercise8" time="4.337" classname="exercises.Exercise8"/>
</testsuite> <!-- exercises.Exercise8 -->
