<?xml version="1.0" encoding="UTF-8"?>
<!-- Generated by org.testng.reporters.JUnitReportReporter -->
<testsuite hostname="EC2AMAZ-6I6MDIP" name="exercises.Exercise6" tests="1" failures="0" timestamp="13 Feb 2018 20:30:36 GMT" time="7.776" errors="0">
  <testcase name="testExercise6" time="7.776" classname="exercises.Exercise6"/>
</testsuite> <!-- exercises.Exercise6 -->
