<?xml version="1.0" encoding="UTF-8"?>
<!-- Generated by org.testng.reporters.JUnitReportReporter -->
<testsuite hostname="EC2AMAZ-6I6MDIP" name="exercises.Exercise7" tests="1" failures="0" timestamp="13 Feb 2018 21:09:09 GMT" time="5.384" errors="0">
  <testcase name="testExercise7" time="5.384" classname="exercises.Exercise7"/>
</testsuite> <!-- exercises.Exercise7 -->
