<?xml version="1.0" encoding="UTF-8"?>
<!-- Generated by org.testng.reporters.JUnitReportReporter -->
<testsuite hostname="MattMitchell" name="exercises.Exercise9_1" tests="1" failures="0" timestamp="14 Feb 2018 18:48:33 GMT" time="4.964" errors="0">
  <testcase name="testExercise9_1" time="4.964" classname="exercises.Exercise9_1"/>
</testsuite> <!-- exercises.Exercise9_1 -->
